<?xml version="1.0" encoding="UTF-8"?>
<!-- Generated by org.testng.reporters.JUnitReportReporter -->
<testsuite skipped="0" hostname="LAP-45302Technology" name="testcase.AllMMV" tests="1" failures="0" timestamp="2022-02-08T18:12:19 IST" time="10.353" errors="0">
  <testcase name="getAllMMV" time="10.353" classname="testcase.AllMMV"/>
  <system-out/>
</testsuite> <!-- testcase.AllMMV -->
