<?xml version="1.0" encoding="UTF-8"?>
<!-- Generated by org.testng.reporters.JUnitReportReporter -->
<testsuite skipped="0" hostname="LAP-45302Technology" name="testcase.Exceldata" tests="1" failures="0" timestamp="2022-02-03T14:26:25 IST" time="0.527" errors="0">
  <testcase name="getExcelData" time="0.527" classname="testcase.Exceldata"/>
  <system-out/>
</testsuite> <!-- testcase.Exceldata -->
